
=== Thu Jul 29 02:10:09 2021

Packages were changed.
Update Mode: mergeDefaultDependencies

The following packages were added:
  com.unity.collab-proxy@1.3.9
  com.unity.ide.visualstudio@2.0.5
  com.unity.modules.ai@1.0.0
  com.unity.modules.cloth@1.0.0
  com.unity.modules.director@1.0.0
  com.unity.modules.physics@1.0.0
  com.unity.modules.terrain@1.0.0
  com.unity.modules.terrainphysics@1.0.0
  com.unity.modules.umbra@1.0.0
  com.unity.modules.vehicles@1.0.0
  com.unity.modules.vr@1.0.0
  com.unity.modules.wind@1.0.0
  com.unity.modules.xr@1.0.0
  com.unity.timeline@1.4.6
The following packages were updated:
  com.unity.2d.animation from version 3.2.6 to 5.0.3
  com.unity.2d.pixel-perfect from version 2.0.4 to 4.0.1
  com.unity.2d.psdimporter from version 2.1.6 to 4.0.2
  com.unity.2d.spriteshape from version 3.0.14 to 5.1.0
  com.unity.ide.rider from version 1.1.4 to 2.0.7
  com.unity.mobile.notifications from version 1.0.3 to 1.3.2
  com.unity.textmeshpro from version 2.1.3 to 3.0.1

=== Thu Jul 29 02:33:22 2021

Packages were changed.
Update Mode: updateDependencies

The following packages were updated:
  com.unity.2d.animation from version 5.0.3 to 6.0.4
  com.unity.2d.pixel-perfect from version 4.0.1 to 5.0.0
  com.unity.2d.psdimporter from version 4.0.2 to 5.0.4
  com.unity.2d.spriteshape from version 5.1.0 to 6.0.1
  com.unity.collab-proxy from version 1.3.9 to 1.5.7
  com.unity.ide.rider from version 2.0.7 to 3.0.7
  com.unity.ide.visualstudio from version 2.0.5 to 2.0.9
  com.unity.mobile.android-logcat from version 1.2.0 to 1.2.2
  com.unity.mobile.notifications from version 1.3.2 to 1.4.1
  com.unity.test-framework from version 1.1.20 to 1.1.27
  com.unity.textmeshpro from version 3.0.1 to 3.0.6
  com.unity.timeline from version 1.4.6 to 1.5.5

=== Fri Jul 30 23:08:22 2021

Packages were changed.
Update Mode: updateDependencies

The following packages were updated:
  com.unity.collab-proxy from version 1.5.7 to 1.7.1

=== Mon Aug 16 22:53:19 2021

Packages were changed.
Update Mode: updateDependencies

The following packages were added:
  com.unity.ads@3.7.1
  com.unity.analytics@3.5.3
  com.unity.purchasing@3.2.2
  com.unity.ugui@1.0.0
  com.unity.xr.legacyinputhelpers@2.1.7
